In file data/cnn_2016_11_01_12_05_26.csv, 0 records were loaded into database
In file data/msnbc_2016_11_07_18_53_19.csv, 0 records were loaded into database
In file data/waspost_2016_11_01_12_04_55.csv, 0 records were loaded into database
In file data/nbc_2016_11_02_18_55_59.csv, 0 records were loaded into database
In file data/waspost_2016_11_07_14_19_45.csv, 0 records were loaded into database
In file data/msnbc_2016_11_07_14_20_22.csv, 0 records were loaded into database
In file data/pbs_2016_11_01_12_05_10.csv, 0 records were loaded into database
In file data/fox_2016_11_02_18_56_49.csv, 0 records were loaded into database
In file data/cbs_2016_11_02_18_56_28.csv, 0 records were loaded into database
In file data/pbs_2016_11_05_21_45_27.csv, 0 records were loaded into database
In file data/fox_2016_11_08_11_14_11.csv, 0 records were loaded into database
In file data/cnn_2016_10_31_13_12_22.csv, 0 records were loaded into database
In file data/abc_2016_11_07_14_19_53.csv, 0 records were loaded into database
In file data/pbs_2016_11_02_13_28_56.csv, 0 records were loaded into database
In file data/abc_2016_11_08_11_13_33.csv, 0 records were loaded into database
In file data/fox_2016_11_01_12_05_41.csv, 0 records were loaded into database
In file data/waspost_2016_11_08_11_13_26.csv, 0 records were loaded into database
In file data/fox_2016_11_07_14_20_29.csv, 0 records were loaded into database
In file data/waspost_2016_10_31_13_11_52.csv, 0 records were loaded into database
In file data/abc_2016_11_07_18_52_49.csv, 0 records were loaded into database
In file data/msnbc_2016_11_01_01_36_25.csv, 0 records were loaded into database
In file data/nbc_2016_11_02_13_28_33.csv, 0 records were loaded into database
In file data/nbc_2016_11_07_18_52_35.csv, 0 records were loaded into database
In file data/pbs_2016_10_31_13_12_07.csv, 0 records were loaded into database
In file data/msnbc_2016_11_08_11_14_04.csv, 0 records were loaded into database
In file data/cbs_2016_10_31_13_12_14.csv, 0 records were loaded into database
In file data/cbs_2016_11_01_12_05_18.csv, 0 records were loaded into database
In file data/waspost_2016_11_07_18_52_42.csv, 0 records were loaded into database
In file data/msnbc_2016_10_31_13_12_29.csv, 0 records were loaded into database
In file data/pbs_2016_11_01_01_36_03.csv, 0 records were loaded into database
In file data/msnbc_2016_11_02_13_29_18.csv, 0 records were loaded into database
In file data/cbs_2016_11_05_21_45_34.csv, 0 records were loaded into database
In file data/_test.csv, 0 records were loaded into database
In file data/pbs_2016_11_08_11_13_40.csv, 0 records were loaded into database
In file data/abc_2016_11_01_12_05_03.csv, 0 records were loaded into database
In file data/nbc_2016_11_05_21_45_06.csv, 0 records were loaded into database
In file data/abc_2016_11_01_01_35_56.csv, 0 records were loaded into database
In file data/nbc_2016_11_01_01_35_42.csv, 0 records were loaded into database
In file data/cbs_2016_11_08_11_13_49.csv, 0 records were loaded into database
In file data/nbc_2016_11_08_11_13_19.csv, 0 records were loaded into database
In file data/cnn_2016_11_02_18_56_35.csv, 0 records were loaded into database
In file data/cnn_2016_11_07_14_20_15.csv, 0 records were loaded into database
In file data/fox_2016_11_01_01_36_32.csv, 0 records were loaded into database
In file data/abc_2016_11_02_18_56_13.csv, 0 records were loaded into database
In file data/abc_2016_10_31_13_12_00.csv, 0 records were loaded into database
In file data/nbc_2016_11_07_14_19_38.csv, 0 records were loaded into database
In file data/waspost_2016_11_02_18_56_06.csv, 0 records were loaded into database
In file data/waspost_2016_11_05_21_45_13.csv, 0 records were loaded into database
In file data/cbs_2016_11_07_18_53_04.csv, 0 records were loaded into database
In file data/waspost_2016_11_02_13_28_41.csv, 0 records were loaded into database
In file data/cbs_2016_11_02_13_29_03.csv, 0 records were loaded into database
In file data/cnn_2016_11_01_01_36_18.csv, 0 records were loaded into database
In file data/cnn_2016_11_07_18_53_11.csv, 0 records were loaded into database
In file data/fox_2016_11_05_21_45_55.csv, 0 records were loaded into database
In file data/fox_2016_10_31_13_12_36.csv, 0 records were loaded into database
In file data/fox_2016_11_07_18_53_26.csv, 0 records were loaded into database
In file data/abc_2016_11_05_21_45_20.csv, 0 records were loaded into database
In file data/pbs_2016_11_07_14_20_00.csv, 0 records were loaded into database
In file data/pbs_2016_11_02_18_56_20.csv, 0 records were loaded into database
In file data/fox_2016_11_02_13_29_26.csv, 0 records were loaded into database
In file data/cnn_2016_11_08_11_13_56.csv, 0 records were loaded into database
In file data/msnbc_2016_11_02_18_56_42.csv, 0 records were loaded into database
In file data/cbs_2016_11_01_01_36_11.csv, 0 records were loaded into database
In file data/msnbc_2016_11_05_21_45_48.csv, 0 records were loaded into database
In file data/msnbc_2016_11_01_12_05_33.csv, 0 records were loaded into database
In file data/cnn_2016_11_05_21_45_41.csv, 0 records were loaded into database
In file data/nbc_2016_11_01_12_04_48.csv, 0 records were loaded into database
In file data/waspost_2016_11_01_01_35_49.csv, 0 records were loaded into database
In file data/abc_2016_11_02_13_28_49.csv, 0 records were loaded into database
In file data/pbs_2016_11_07_18_52_57.csv, 0 records were loaded into database
In file data/nbc_2016_10_31_13_11_45.csv, 0 records were loaded into database
In file data/cnn_2016_11_02_13_29_10.csv, 0 records were loaded into database
In file data/cbs_2016_11_07_14_20_07.csv, 0 records were loaded into database
