In file data/cnn_2016_11_01_12_05_26.csv, 150 records were loaded into database
In file data/msnbc_2016_11_07_18_53_19.csv, 475 records were loaded into database
In file data/waspost_2016_11_01_12_04_55.csv, 474 records were loaded into database
In file data/nbc_2016_11_02_18_55_59.csv, 225 records were loaded into database
In file data/waspost_2016_11_07_14_19_45.csv, 333 records were loaded into database
In file data/msnbc_2016_11_07_14_20_22.csv, 500 records were loaded into database
In file data/pbs_2016_11_01_12_05_10.csv, 203 records were loaded into database
In file data/fox_2016_11_02_18_56_49.csv, 325 records were loaded into database
In file data/cbs_2016_11_02_18_56_28.csv, 225 records were loaded into database
In file data/pbs_2016_11_05_21_45_27.csv, 364 records were loaded into database
In file data/fox_2016_11_08_11_14_11.csv, 500 records were loaded into database
In file data/cnn_2016_10_31_13_12_22.csv, 150 records were loaded into database
In file data/abc_2016_11_07_14_19_53.csv, 375 records were loaded into database
In file data/pbs_2016_11_02_13_28_56.csv, 182 records were loaded into database
In file data/abc_2016_11_08_11_13_33.csv, 375 records were loaded into database
In file data/fox_2016_11_01_12_05_41.csv, 400 records were loaded into database
In file data/waspost_2016_11_08_11_13_26.csv, 389 records were loaded into database
In file data/fox_2016_11_07_14_20_29.csv, 525 records were loaded into database
In file data/waspost_2016_10_31_13_11_52.csv, 450 records were loaded into database
In file data/abc_2016_11_07_18_52_49.csv, 375 records were loaded into database
In file data/msnbc_2016_11_01_01_36_25.csv, 475 records were loaded into database
In file data/nbc_2016_11_02_13_28_33.csv, 275 records were loaded into database
In file data/nbc_2016_11_07_18_52_35.csv, 375 records were loaded into database
In file data/pbs_2016_10_31_13_12_07.csv, 316 records were loaded into database
In file data/msnbc_2016_11_08_11_14_04.csv, 525 records were loaded into database
In file data/cbs_2016_10_31_13_12_14.csv, 193 records were loaded into database
In file data/cbs_2016_11_01_12_05_18.csv, 197 records were loaded into database
In file data/waspost_2016_11_07_18_52_42.csv, 420 records were loaded into database
In file data/msnbc_2016_10_31_13_12_29.csv, 475 records were loaded into database
In file data/pbs_2016_11_01_01_36_03.csv, 223 records were loaded into database
In file data/msnbc_2016_11_02_13_29_18.csv, 525 records were loaded into database
In file data/cbs_2016_11_05_21_45_34.csv, 426 records were loaded into database
In file data/pbs_2016_11_08_11_13_40.csv, 349 records were loaded into database
In file data/abc_2016_11_01_12_05_03.csv, 100 records were loaded into database
In file data/nbc_2016_11_05_21_45_06.csv, 225 records were loaded into database
In file data/abc_2016_11_01_01_35_56.csv, 275 records were loaded into database
In file data/nbc_2016_11_01_01_35_42.csv, 400 records were loaded into database
In file data/cbs_2016_11_08_11_13_49.csv, 523 records were loaded into database
In file data/nbc_2016_11_08_11_13_19.csv, 450 records were loaded into database
In file data/cnn_2016_11_02_18_56_35.csv, 225 records were loaded into database
In file data/cnn_2016_11_07_14_20_15.csv, 400 records were loaded into database
In file data/fox_2016_11_01_01_36_32.csv, 450 records were loaded into database
In file data/abc_2016_11_02_18_56_13.csv, 175 records were loaded into database
In file data/abc_2016_10_31_13_12_00.csv, 75 records were loaded into database
In file data/nbc_2016_11_07_14_19_38.csv, 400 records were loaded into database
In file data/waspost_2016_11_02_18_56_06.csv, 575 records were loaded into database
In file data/waspost_2016_11_05_21_45_13.csv, 451 records were loaded into database
In file data/cbs_2016_11_07_18_53_04.csv, 500 records were loaded into database
In file data/waspost_2016_11_02_13_28_41.csv, 550 records were loaded into database
In file data/cbs_2016_11_02_13_29_03.csv, 125 records were loaded into database
In file data/cnn_2016_11_01_01_36_18.csv, 225 records were loaded into database
In file data/cnn_2016_11_07_18_53_11.csv, 449 records were loaded into database
In file data/fox_2016_11_05_21_45_55.csv, 400 records were loaded into database
In file data/fox_2016_10_31_13_12_36.csv, 400 records were loaded into database
In file data/fox_2016_11_07_18_53_26.csv, 500 records were loaded into database
In file data/abc_2016_11_05_21_45_20.csv, 450 records were loaded into database
In file data/pbs_2016_11_07_14_20_00.csv, 428 records were loaded into database
In file data/pbs_2016_11_02_18_56_20.csv, 209 records were loaded into database
In file data/fox_2016_11_02_13_29_26.csv, 300 records were loaded into database
In file data/cnn_2016_11_08_11_13_56.csv, 575 records were loaded into database
In file data/msnbc_2016_11_02_18_56_42.csv, 536 records were loaded into database
In file data/cbs_2016_11_01_01_36_11.csv, 100 records were loaded into database
In file data/msnbc_2016_11_05_21_45_48.csv, 450 records were loaded into database
In file data/msnbc_2016_11_01_12_05_33.csv, 475 records were loaded into database
In file data/cnn_2016_11_05_21_45_41.csv, 425 records were loaded into database
In file data/nbc_2016_11_01_12_04_48.csv, 200 records were loaded into database
In file data/waspost_2016_11_01_01_35_49.csv, 474 records were loaded into database
In file data/abc_2016_11_02_13_28_49.csv, 264 records were loaded into database
In file data/pbs_2016_11_07_18_52_57.csv, 419 records were loaded into database
In file data/nbc_2016_10_31_13_11_45.csv, 300 records were loaded into database
In file data/cnn_2016_11_02_13_29_10.csv, 175 records were loaded into database
In file data/cbs_2016_11_07_14_20_07.csv, 375 records were loaded into database
